<?xml version="1.0" encoding="UTF-8"?>
<!-- Generated by org.testng.reporters.JUnitReportReporter -->
<testsuite hostname="DESKTOP-N1728FJ" failures="0" tests="1" name="test.AddCustomerTest" time="30.640" errors="0" timestamp="2024-07-04T08:23:55 EDT" skipped="0">
  <testcase classname="test.AddCustomerTest" name="userShouldBeAbleToCreateNewCustomer" time="30.640"/>
  <system-out/>
</testsuite> <!-- test.AddCustomerTest -->
